<?xml version="1.0" encoding="UTF-8"?>
<testng-results skipped="0" failed="0" ignored="0" total="1" passed="1">
  <reporter-output>
  </reporter-output>
  <suite name="Default suite" duration-ms="46372" started-at="2018-12-12T06:13:51Z" finished-at="2018-12-12T06:14:37Z">
    <groups>
    </groups>
    <test name="Default test" duration-ms="46372" started-at="2018-12-12T06:13:51Z" finished-at="2018-12-12T06:14:37Z">
      <class name="logintest.java.logintest">
        <test-method status="PASS" signature="demo()[pri:0, instance:logintest.java.logintest@1e965684]" name="demo" duration-ms="46094" started-at="2018-12-12T06:13:51Z" finished-at="2018-12-12T06:14:37Z">
          <reporter-output>
          </reporter-output>
        </test-method> <!-- demo -->
      </class> <!-- logintest.java.logintest -->
    </test> <!-- Default test -->
  </suite> <!-- Default suite -->
</testng-results>
